C:\Final Project\ASM-BlackJack\Debug\main.obj
C:\FINAL PROJECT\ASM-BLACKJACK\DEBUG\PROJECT.EXE
C:\FINAL PROJECT\ASM-BLACKJACK\DEBUG\PROJECT.EXE.INTERMEDIATE.MANIFEST
C:\FINAL PROJECT\ASM-BLACKJACK\DEBUG\PROJECT.ILK
C:\FINAL PROJECT\ASM-BLACKJACK\DEBUG\PROJECT.PDB
C:\Irvine\Examples\Project_sample\Debug\main.obj
C:\IRVINE\EXAMPLES\PROJECT_SAMPLE\DEBUG\PROJECT.EXE
C:\IRVINE\EXAMPLES\PROJECT_SAMPLE\DEBUG\PROJECT.EXE.INTERMEDIATE.MANIFEST
C:\IRVINE\EXAMPLES\PROJECT_SAMPLE\DEBUG\PROJECT.ILK
C:\IRVINE\EXAMPLES\PROJECT_SAMPLE\DEBUG\PROJECT.PDB
C:\Users\ffac0_000\Documents\GitHub\ASM-BlackJack\Debug\main.obj
C:\USERS\FFAC0_000\DOCUMENTS\GITHUB\ASM-BLACKJACK\DEBUG\PROJECT.EXE
C:\USERS\FFAC0_000\DOCUMENTS\GITHUB\ASM-BLACKJACK\DEBUG\PROJECT.EXE.INTERMEDIATE.MANIFEST
C:\USERS\FFAC0_000\DOCUMENTS\GITHUB\ASM-BLACKJACK\DEBUG\PROJECT.ILK
C:\USERS\FFAC0_000\DOCUMENTS\GITHUB\ASM-BLACKJACK\DEBUG\PROJECT.PDB
C:\Users\jochimsenj\Documents\GitHub\ASM-BlackJack\Debug\link.command.1.tlog
C:\Users\jochimsenj\Documents\GitHub\ASM-BlackJack\Debug\link.read.1.tlog
C:\Users\jochimsenj\Documents\GitHub\ASM-BlackJack\Debug\link.write.1.tlog
C:\Users\jochimsenj\Documents\GitHub\ASM-BlackJack\Debug\main.obj
C:\Users\jochimsenj\Documents\GitHub\ASM-BlackJack\Debug\mt.command.1.tlog
C:\Users\jochimsenj\Documents\GitHub\ASM-BlackJack\Debug\mt.read.1.tlog
C:\Users\jochimsenj\Documents\GitHub\ASM-BlackJack\Debug\mt.write.1.tlog
C:\Users\jochimsenj\Documents\GitHub\ASM-BlackJack\Debug\Project.exe
C:\Users\jochimsenj\Documents\GitHub\ASM-BlackJack\Debug\Project.exe.intermediate.manifest
C:\Users\jochimsenj\Documents\GitHub\ASM-BlackJack\Debug\Project.ilk
C:\Users\jochimsenj\Documents\GitHub\ASM-BlackJack\Debug\Project.pdb
C:\Users\jochimsenj\Documents\GitHub\ASM-BlackJack\Debug\Project.write.1.tlog
