<<<<<<< HEAD
﻿Build started 11/29/2012 8:07:05 PM.
     1>Project "C:\Users\ffac0_000\Documents\GitHub\ASM-BlackJack\Project.vcxproj" on node 2 (Rebuild target(s)).
     1>_MASM:
         Assembling main.asm...
         cmd.exe /C "C:\Users\ffac0_000\AppData\Local\Temp\tmpa47fc5b15a184d928502fc70aa287c45.cmd"
         ml.exe /c /nologo /Zi /Fo"Debug\main.obj" /I "c:\Irvine" /W3 /errorReport:prompt  /Tamain.asm
       Link:
         C:\Program Files (x86)\Microsoft Visual Studio 10.0\VC\bin\link.exe /ERRORREPORT:PROMPT /OUT:"C:\Users\ffac0_000\Documents\GitHub\ASM-BlackJack\Debug\Project.exe" /NOLOGO /LIBPATH:c:\Irvine user32.lib irvine32.lib kernel32.lib user32.lib gdi32.lib winspool.lib comdlg32.lib advapi32.lib shell32.lib ole32.lib oleaut32.lib uuid.lib odbc32.lib odbccp32.lib /MANIFEST /ManifestFile:"Debug\Project.exe.intermediate.manifest" /MANIFESTUAC:"level='asInvoker' uiAccess='false'" /DEBUG /PDB:"C:\Users\ffac0_000\Documents\GitHub\ASM-BlackJack\Debug\Project.pdb" /SUBSYSTEM:CONSOLE /TLBID:1 /DYNAMICBASE:NO /IMPLIB:"C:\Users\ffac0_000\Documents\GitHub\ASM-BlackJack\Debug\Project.lib" /MACHINE:X86 Debug\main.obj
         Project.vcxproj -> C:\Users\ffac0_000\Documents\GitHub\ASM-BlackJack\Debug\Project.exe
       Manifest:
         c:\Program Files (x86)\Microsoft SDKs\Windows\v7.0A\bin\mt.exe /nologo /verbose /outputresource:"C:\Users\ffac0_000\Documents\GitHub\ASM-BlackJack\Debug\Project.exe;#1" /manifest Debug\Project.exe.intermediate.manifest
     1>Done Building Project "C:\Users\ffac0_000\Documents\GitHub\ASM-BlackJack\Project.vcxproj" (Rebuild target(s)).

Build succeeded.

Time Elapsed 00:00:00.45
=======
﻿Build started 11/29/2012 7:14:45 PM.
Project "E:\asm\ASM-BlackJack\Project.vcxproj" on node 2 (rebuild target(s)).
_PrepareForClean:
  Deleting file "Debug\Project.lastbuildstate".
InitializeBuildStatus:
  Creating "Debug\Project.unsuccessfulbuild" because "AlwaysCreate" was specified.
_MASM:
  Assembling [Inputs]...
  cmd.exe /C "C:\Documents and Settings\Bob Smith\Local Settings\Temp\f01dc2c1e483452392931aa89532404b.cmd"
  ml.exe /c /nologo /Zi /Fo"Debug\main.obj" /I "c:\Irvine" /W3 /errorReport:prompt  /Tamain.asm
Link:
  C:\Program Files\Microsoft Visual Studio 10.0\VC\bin\link.exe /ERRORREPORT:PROMPT /OUT:"E:\asm\ASM-BlackJack\Debug\Project.exe" /NOLOGO /LIBPATH:c:\Irvine user32.lib irvine32.lib kernel32.lib user32.lib gdi32.lib winspool.lib comdlg32.lib advapi32.lib shell32.lib ole32.lib oleaut32.lib uuid.lib odbc32.lib odbccp32.lib /MANIFEST /ManifestFile:"Debug\Project.exe.intermediate.manifest" /MANIFESTUAC:"level='asInvoker' uiAccess='false'" /DEBUG /PDB:"E:\asm\ASM-BlackJack\Debug\Project.pdb" /SUBSYSTEM:CONSOLE /TLBID:1 /DYNAMICBASE:NO /IMPLIB:"E:\asm\ASM-BlackJack\Debug\Project.lib" /MACHINE:X86 Debug\main.obj
  Project.vcxproj -> E:\asm\ASM-BlackJack\Debug\Project.exe
Manifest:
  C:\Program Files\Microsoft SDKs\Windows\v7.0A\bin\mt.exe /nologo /verbose /outputresource:"E:\asm\ASM-BlackJack\Debug\Project.exe;#1" /manifest Debug\Project.exe.intermediate.manifest
FinalizeBuildStatus:
  Deleting file "Debug\Project.unsuccessfulbuild".
  Touching "Debug\Project.lastbuildstate".
Done Building Project "E:\asm\ASM-BlackJack\Project.vcxproj" (rebuild target(s)).

Build succeeded.

Time Elapsed 00:00:01.82
>>>>>>> c238b1df27fd3ff973023716755f37ddceef7c5f
